mode: set
github.com/XrXr/alang/backend/backend.go:18.36,22.2 3 1
github.com/XrXr/alang/backend/backend.go:56.53,57.14 1 1
github.com/XrXr/alang/backend/backend.go:58.9,59.21 1 1
github.com/XrXr/alang/backend/backend.go:60.9,61.21 1 0
github.com/XrXr/alang/backend/backend.go:62.9,63.20 1 0
github.com/XrXr/alang/backend/backend.go:64.9,65.20 1 0
github.com/XrXr/alang/backend/backend.go:66.10,67.46 1 0
github.com/XrXr/alang/backend/backend.go:76.61,77.27 1 0
github.com/XrXr/alang/backend/backend.go:80.2,80.46 1 0
github.com/XrXr/alang/backend/backend.go:77.27,79.3 1 0
github.com/XrXr/alang/backend/backend.go:83.42,85.2 1 0
github.com/XrXr/alang/backend/backend.go:100.49,103.31 3 1
github.com/XrXr/alang/backend/backend.go:107.2,109.33 3 1
github.com/XrXr/alang/backend/backend.go:115.2,117.52 3 1
github.com/XrXr/alang/backend/backend.go:125.2,125.28 1 1
github.com/XrXr/alang/backend/backend.go:129.2,146.15 2 1
github.com/XrXr/alang/backend/backend.go:103.31,105.3 1 1
github.com/XrXr/alang/backend/backend.go:109.33,114.3 4 1
github.com/XrXr/alang/backend/backend.go:117.52,123.3 5 1
github.com/XrXr/alang/backend/backend.go:125.28,127.3 1 1
github.com/XrXr/alang/backend/backend.go:149.53,156.2 6 1
github.com/XrXr/alang/backend/backend.go:158.53,159.37 1 1
github.com/XrXr/alang/backend/backend.go:159.37,161.3 1 0
github.com/XrXr/alang/backend/backend.go:161.8,161.29 1 1
github.com/XrXr/alang/backend/backend.go:161.29,163.3 1 1
github.com/XrXr/alang/backend/backend.go:163.8,165.3 1 1
github.com/XrXr/alang/backend/backend.go:198.41,202.2 3 0
github.com/XrXr/alang/backend/backend.go:204.57,206.2 1 1
github.com/XrXr/alang/backend/backend.go:208.48,210.2 1 1
github.com/XrXr/alang/backend/backend.go:212.53,215.2 1 1
github.com/XrXr/alang/backend/backend.go:217.80,220.2 2 1
github.com/XrXr/alang/backend/backend.go:222.70,225.44 3 1
github.com/XrXr/alang/backend/backend.go:232.2,232.12 1 1
github.com/XrXr/alang/backend/backend.go:235.2,235.67 1 1
github.com/XrXr/alang/backend/backend.go:238.2,239.44 2 1
github.com/XrXr/alang/backend/backend.go:225.44,226.22 1 1
github.com/XrXr/alang/backend/backend.go:226.22,229.9 3 1
github.com/XrXr/alang/backend/backend.go:232.12,233.57 1 0
github.com/XrXr/alang/backend/backend.go:235.67,237.3 1 1
github.com/XrXr/alang/backend/backend.go:242.61,243.44 1 1
github.com/XrXr/alang/backend/backend.go:248.2,249.31 2 1
github.com/XrXr/alang/backend/backend.go:252.2,253.65 2 1
github.com/XrXr/alang/backend/backend.go:243.44,244.22 1 1
github.com/XrXr/alang/backend/backend.go:244.22,245.27 1 0
github.com/XrXr/alang/backend/backend.go:249.31,251.3 1 1
github.com/XrXr/alang/backend/backend.go:256.48,258.2 1 1
github.com/XrXr/alang/backend/backend.go:260.74,262.2 1 0
github.com/XrXr/alang/backend/backend.go:264.38,266.2 1 1
github.com/XrXr/alang/backend/backend.go:268.54,271.9 3 1
github.com/XrXr/alang/backend/backend.go:272.17,273.22 1 0
github.com/XrXr/alang/backend/backend.go:274.17,275.22 1 0
github.com/XrXr/alang/backend/backend.go:276.17,277.23 1 0
github.com/XrXr/alang/backend/backend.go:278.17,279.23 1 1
github.com/XrXr/alang/backend/backend.go:280.10,281.38 1 0
github.com/XrXr/alang/backend/backend.go:285.37,287.14 2 1
github.com/XrXr/alang/backend/backend.go:299.2,299.15 1 1
github.com/XrXr/alang/backend/backend.go:288.9,289.19 1 1
github.com/XrXr/alang/backend/backend.go:290.9,291.19 1 0
github.com/XrXr/alang/backend/backend.go:292.9,293.18 1 0
github.com/XrXr/alang/backend/backend.go:294.9,295.18 1 0
github.com/XrXr/alang/backend/backend.go:296.10,297.28 1 0
github.com/XrXr/alang/backend/backend.go:302.57,304.2 1 1
github.com/XrXr/alang/backend/backend.go:306.47,309.17 3 1
github.com/XrXr/alang/backend/backend.go:312.2,312.41 1 1
github.com/XrXr/alang/backend/backend.go:309.17,310.26 1 0
github.com/XrXr/alang/backend/backend.go:315.45,316.22 1 1
github.com/XrXr/alang/backend/backend.go:316.22,318.3 1 1
github.com/XrXr/alang/backend/backend.go:318.8,320.3 1 1
github.com/XrXr/alang/backend/backend.go:323.82,328.17 5 1
github.com/XrXr/alang/backend/backend.go:331.2,331.33 1 1
github.com/XrXr/alang/backend/backend.go:328.17,329.76 1 0
github.com/XrXr/alang/backend/backend.go:334.73,337.2 2 1
github.com/XrXr/alang/backend/backend.go:339.73,342.2 2 0
github.com/XrXr/alang/backend/backend.go:344.63,346.2 1 1
github.com/XrXr/alang/backend/backend.go:348.81,352.2 3 0
github.com/XrXr/alang/backend/backend.go:354.63,356.2 1 0
github.com/XrXr/alang/backend/backend.go:358.64,360.2 1 0
github.com/XrXr/alang/backend/backend.go:362.40,363.38 1 0
github.com/XrXr/alang/backend/backend.go:363.38,364.23 1 0
github.com/XrXr/alang/backend/backend.go:364.23,367.4 2 0
github.com/XrXr/alang/backend/backend.go:371.68,372.37 1 1
github.com/XrXr/alang/backend/backend.go:375.2,375.33 1 1
github.com/XrXr/alang/backend/backend.go:382.2,384.15 3 1
github.com/XrXr/alang/backend/backend.go:390.2,392.32 2 1
github.com/XrXr/alang/backend/backend.go:372.37,373.23 1 0
github.com/XrXr/alang/backend/backend.go:376.19,377.56 1 0
github.com/XrXr/alang/backend/backend.go:378.18,379.66 1 0
github.com/XrXr/alang/backend/backend.go:384.15,386.52 1 1
github.com/XrXr/alang/backend/backend.go:386.52,388.4 1 0
github.com/XrXr/alang/backend/backend.go:392.32,393.26 1 0
github.com/XrXr/alang/backend/backend.go:397.3,397.35 1 0
github.com/XrXr/alang/backend/backend.go:393.26,396.4 2 0
github.com/XrXr/alang/backend/backend.go:398.8,399.26 1 1
github.com/XrXr/alang/backend/backend.go:402.3,402.26 1 1
github.com/XrXr/alang/backend/backend.go:410.3,411.20 2 0
github.com/XrXr/alang/backend/backend.go:399.26,401.4 1 0
github.com/XrXr/alang/backend/backend.go:402.26,408.4 4 1
github.com/XrXr/alang/backend/backend.go:411.20,416.4 3 0
github.com/XrXr/alang/backend/backend.go:416.9,418.28 1 0
github.com/XrXr/alang/backend/backend.go:421.4,421.40 1 0
github.com/XrXr/alang/backend/backend.go:424.4,425.65 2 0
github.com/XrXr/alang/backend/backend.go:418.28,420.5 1 0
github.com/XrXr/alang/backend/backend.go:421.40,423.5 1 0
github.com/XrXr/alang/backend/backend.go:430.55,432.15 2 0
github.com/XrXr/alang/backend/backend.go:435.2,435.68 1 0
github.com/XrXr/alang/backend/backend.go:438.2,439.19 2 0
github.com/XrXr/alang/backend/backend.go:432.15,434.3 1 0
github.com/XrXr/alang/backend/backend.go:435.68,437.3 1 0
github.com/XrXr/alang/backend/backend.go:439.19,442.3 2 0
github.com/XrXr/alang/backend/backend.go:442.8,444.23 2 0
github.com/XrXr/alang/backend/backend.go:447.3,449.13 3 0
github.com/XrXr/alang/backend/backend.go:444.23,446.4 1 0
github.com/XrXr/alang/backend/backend.go:453.50,454.37 1 0
github.com/XrXr/alang/backend/backend.go:457.2,457.37 1 0
github.com/XrXr/alang/backend/backend.go:460.2,461.49 2 0
github.com/XrXr/alang/backend/backend.go:454.37,455.23 1 0
github.com/XrXr/alang/backend/backend.go:457.37,459.3 1 0
github.com/XrXr/alang/backend/backend.go:464.59,468.52 3 1
github.com/XrXr/alang/backend/backend.go:496.2,497.25 2 1
github.com/XrXr/alang/backend/backend.go:468.52,470.7 2 1
github.com/XrXr/alang/backend/backend.go:492.3,492.35 1 0
github.com/XrXr/alang/backend/backend.go:470.7,472.40 2 1
github.com/XrXr/alang/backend/backend.go:475.4,475.34 1 1
github.com/XrXr/alang/backend/backend.go:479.4,479.151 1 1
github.com/XrXr/alang/backend/backend.go:472.40,473.19 1 1
github.com/XrXr/alang/backend/backend.go:475.34,476.10 1 0
github.com/XrXr/alang/backend/backend.go:479.151,482.5 1 0
github.com/XrXr/alang/backend/backend.go:482.10,482.52 1 1
github.com/XrXr/alang/backend/backend.go:482.52,484.5 1 1
github.com/XrXr/alang/backend/backend.go:484.10,484.57 1 1
github.com/XrXr/alang/backend/backend.go:484.57,488.5 3 1
github.com/XrXr/alang/backend/backend.go:488.10,489.39 1 0
github.com/XrXr/alang/backend/backend.go:492.35,494.4 1 0
github.com/XrXr/alang/backend/backend.go:501.80,503.46 2 0
github.com/XrXr/alang/backend/backend.go:506.2,506.53 1 0
github.com/XrXr/alang/backend/backend.go:503.46,505.3 1 0
github.com/XrXr/alang/backend/backend.go:510.91,511.36 1 0
github.com/XrXr/alang/backend/backend.go:511.36,513.33 2 0
github.com/XrXr/alang/backend/backend.go:516.3,518.45 2 0
github.com/XrXr/alang/backend/backend.go:528.3,528.30 1 0
github.com/XrXr/alang/backend/backend.go:513.33,514.12 1 0
github.com/XrXr/alang/backend/backend.go:518.45,519.43 1 0
github.com/XrXr/alang/backend/backend.go:524.4,526.9 3 0
github.com/XrXr/alang/backend/backend.go:519.43,520.27 1 0
github.com/XrXr/alang/backend/backend.go:520.27,521.32 1 0
github.com/XrXr/alang/backend/backend.go:528.30,529.31 1 0
github.com/XrXr/alang/backend/backend.go:532.4,532.40 1 0
github.com/XrXr/alang/backend/backend.go:535.4,535.29 1 0
github.com/XrXr/alang/backend/backend.go:529.31,531.5 1 0
github.com/XrXr/alang/backend/backend.go:532.40,534.5 1 0
github.com/XrXr/alang/backend/backend.go:540.45,546.2 5 0
github.com/XrXr/alang/backend/backend.go:548.47,550.2 1 0
github.com/XrXr/alang/backend/backend.go:552.47,555.2 2 0
github.com/XrXr/alang/backend/backend.go:557.61,563.45 5 0
github.com/XrXr/alang/backend/backend.go:573.2,573.81 1 0
github.com/XrXr/alang/backend/backend.go:563.45,564.28 1 0
github.com/XrXr/alang/backend/backend.go:564.28,567.4 2 0
github.com/XrXr/alang/backend/backend.go:567.9,569.4 1 0
github.com/XrXr/alang/backend/backend.go:570.8,572.3 1 0
github.com/XrXr/alang/backend/backend.go:576.52,577.30 1 0
github.com/XrXr/alang/backend/backend.go:577.30,579.25 2 0
github.com/XrXr/alang/backend/backend.go:579.25,580.107 1 0
github.com/XrXr/alang/backend/backend.go:580.107,582.5 1 0
github.com/XrXr/alang/backend/backend.go:582.10,584.5 1 0
github.com/XrXr/alang/backend/backend.go:585.9,588.4 2 0
github.com/XrXr/alang/backend/backend.go:589.8,590.41 1 0
github.com/XrXr/alang/backend/backend.go:593.3,593.42 1 0
github.com/XrXr/alang/backend/backend.go:596.3,602.43 6 0
github.com/XrXr/alang/backend/backend.go:590.41,591.101 1 0
github.com/XrXr/alang/backend/backend.go:593.42,594.93 1 0
github.com/XrXr/alang/backend/backend.go:606.53,610.37 4 0
github.com/XrXr/alang/backend/backend.go:615.2,617.44 3 0
github.com/XrXr/alang/backend/backend.go:610.37,612.3 1 0
github.com/XrXr/alang/backend/backend.go:612.8,612.43 1 0
github.com/XrXr/alang/backend/backend.go:612.43,614.3 1 0
github.com/XrXr/alang/backend/backend.go:620.42,625.2 4 0
github.com/XrXr/alang/backend/backend.go:627.50,631.2 3 0
github.com/XrXr/alang/backend/backend.go:633.30,634.31 1 0
github.com/XrXr/alang/backend/backend.go:637.2,641.2 4 0
github.com/XrXr/alang/backend/backend.go:657.2,658.39 2 0
github.com/XrXr/alang/backend/backend.go:664.2,665.41 2 0
github.com/XrXr/alang/backend/backend.go:668.2,668.23 1 0
github.com/XrXr/alang/backend/backend.go:674.2,674.40 1 0
github.com/XrXr/alang/backend/backend.go:1305.2,1305.42 1 0
github.com/XrXr/alang/backend/backend.go:1310.2,1310.31 1 0
github.com/XrXr/alang/backend/backend.go:634.31,636.3 1 0
github.com/XrXr/alang/backend/backend.go:641.2,643.45 2 0
github.com/XrXr/alang/backend/backend.go:643.45,645.35 2 0
github.com/XrXr/alang/backend/backend.go:648.4,648.44 1 0
github.com/XrXr/alang/backend/backend.go:645.35,647.5 1 0
github.com/XrXr/alang/backend/backend.go:648.44,650.5 1 0
github.com/XrXr/alang/backend/backend.go:650.10,653.5 2 0
github.com/XrXr/alang/backend/backend.go:658.39,660.58 2 0
github.com/XrXr/alang/backend/backend.go:660.58,662.4 1 0
github.com/XrXr/alang/backend/backend.go:665.41,667.3 1 0
github.com/XrXr/alang/backend/backend.go:668.23,672.3 1 0
github.com/XrXr/alang/backend/backend.go:674.40,676.40 2 0
github.com/XrXr/alang/backend/backend.go:679.3,679.19 1 0
github.com/XrXr/alang/backend/backend.go:1292.3,1292.41 1 0
github.com/XrXr/alang/backend/backend.go:1301.3,1301.49 1 0
github.com/XrXr/alang/backend/backend.go:676.40,678.4 1 0
github.com/XrXr/alang/backend/backend.go:680.18,681.41 1 0
github.com/XrXr/alang/backend/backend.go:682.21,684.37 2 0
github.com/XrXr/alang/backend/backend.go:751.23,754.26 3 0
github.com/XrXr/alang/backend/backend.go:761.4,765.21 4 0
github.com/XrXr/alang/backend/backend.go:803.21,804.74 1 0
github.com/XrXr/alang/backend/backend.go:805.21,806.74 1 0
github.com/XrXr/alang/backend/backend.go:807.16,812.33 5 0
github.com/XrXr/alang/backend/backend.go:816.4,816.24 1 0
github.com/XrXr/alang/backend/backend.go:825.15,833.30 7 0
github.com/XrXr/alang/backend/backend.go:841.4,843.45 3 0
github.com/XrXr/alang/backend/backend.go:846.4,846.65 1 0
github.com/XrXr/alang/backend/backend.go:855.4,855.30 1 0
github.com/XrXr/alang/backend/backend.go:862.38,866.24 3 0
github.com/XrXr/alang/backend/backend.go:872.4,873.17 2 0
github.com/XrXr/alang/backend/backend.go:882.16,885.85 3 0
github.com/XrXr/alang/backend/backend.go:988.16,991.17 3 0
github.com/XrXr/alang/backend/backend.go:1001.17,1004.62 3 0
github.com/XrXr/alang/backend/backend.go:1007.4,1007.44 1 0
github.com/XrXr/alang/backend/backend.go:1008.21,1011.43 3 0
github.com/XrXr/alang/backend/backend.go:1014.4,1015.35 2 0
github.com/XrXr/alang/backend/backend.go:1019.4,1020.27 2 0
github.com/XrXr/alang/backend/backend.go:1021.19,1024.54 3 0
github.com/XrXr/alang/backend/backend.go:1028.4,1031.95 4 0
github.com/XrXr/alang/backend/backend.go:1036.4,1036.69 1 0
github.com/XrXr/alang/backend/backend.go:1037.19,1044.57 7 0
github.com/XrXr/alang/backend/backend.go:1049.4,1050.16 2 0
github.com/XrXr/alang/backend/backend.go:1058.4,1059.30 2 0
github.com/XrXr/alang/backend/backend.go:1083.4,1085.21 3 0
github.com/XrXr/alang/backend/backend.go:1100.4,1101.49 2 0
github.com/XrXr/alang/backend/backend.go:1102.22,1103.46 1 0
github.com/XrXr/alang/backend/backend.go:1104.23,1110.51 6 0
github.com/XrXr/alang/backend/backend.go:1111.26,1116.40 5 0
github.com/XrXr/alang/backend/backend.go:1124.42,1127.59 3 0
github.com/XrXr/alang/backend/backend.go:1131.4,1133.35 3 0
github.com/XrXr/alang/backend/backend.go:1142.4,1144.30 3 0
github.com/XrXr/alang/backend/backend.go:1168.27,1175.39 7 0
github.com/XrXr/alang/backend/backend.go:1211.22,1220.39 7 0
github.com/XrXr/alang/backend/backend.go:1242.15,1251.48 9 0
github.com/XrXr/alang/backend/backend.go:1252.15,1255.44 3 0
github.com/XrXr/alang/backend/backend.go:1258.4,1258.79 1 0
github.com/XrXr/alang/backend/backend.go:1259.14,1262.44 3 0
github.com/XrXr/alang/backend/backend.go:1265.4,1265.78 1 0
github.com/XrXr/alang/backend/backend.go:1266.18,1269.32 3 0
github.com/XrXr/alang/backend/backend.go:1287.4,1287.38 1 0
github.com/XrXr/alang/backend/backend.go:1288.11,1289.14 1 0
github.com/XrXr/alang/backend/backend.go:685.15,687.39 2 0
github.com/XrXr/alang/backend/backend.go:688.16,690.82 2 0
github.com/XrXr/alang/backend/backend.go:691.14,694.22 3 0
github.com/XrXr/alang/backend/backend.go:697.5,697.37 1 0
github.com/XrXr/alang/backend/backend.go:698.16,708.31 9 0
github.com/XrXr/alang/backend/backend.go:723.5,723.26 1 0
github.com/XrXr/alang/backend/backend.go:730.5,733.36 4 0
github.com/XrXr/alang/backend/backend.go:734.47,739.60 4 0
github.com/XrXr/alang/backend/backend.go:742.5,742.26 1 0
github.com/XrXr/alang/backend/backend.go:747.12,749.42 2 0
github.com/XrXr/alang/backend/backend.go:694.22,696.6 1 0
github.com/XrXr/alang/backend/backend.go:708.31,709.26 1 0
github.com/XrXr/alang/backend/backend.go:713.6,713.47 1 0
github.com/XrXr/alang/backend/backend.go:720.6,720.17 1 0
github.com/XrXr/alang/backend/backend.go:709.26,712.7 2 0
github.com/XrXr/alang/backend/backend.go:713.47,717.7 3 0
github.com/XrXr/alang/backend/backend.go:717.12,719.7 1 0
github.com/XrXr/alang/backend/backend.go:723.26,725.6 1 0
github.com/XrXr/alang/backend/backend.go:725.11,728.6 1 0
github.com/XrXr/alang/backend/backend.go:739.60,741.6 1 0
github.com/XrXr/alang/backend/backend.go:742.26,744.6 1 0
github.com/XrXr/alang/backend/backend.go:744.11,746.6 1 0
github.com/XrXr/alang/backend/backend.go:754.26,757.5 2 0
github.com/XrXr/alang/backend/backend.go:757.10,760.5 2 0
github.com/XrXr/alang/backend/backend.go:765.21,768.26 3 0
github.com/XrXr/alang/backend/backend.go:769.21,771.103 1 0
github.com/XrXr/alang/backend/backend.go:772.13,775.24 3 0
github.com/XrXr/alang/backend/backend.go:784.6,788.24 5 0
github.com/XrXr/alang/backend/backend.go:775.24,777.51 2 0
github.com/XrXr/alang/backend/backend.go:780.7,782.59 3 0
github.com/XrXr/alang/backend/backend.go:777.51,779.8 1 0
github.com/XrXr/alang/backend/backend.go:788.24,790.7 1 0
github.com/XrXr/alang/backend/backend.go:792.10,794.33 2 0
github.com/XrXr/alang/backend/backend.go:794.33,799.6 1 0
github.com/XrXr/alang/backend/backend.go:799.11,801.6 1 0
github.com/XrXr/alang/backend/backend.go:812.33,815.5 2 0
github.com/XrXr/alang/backend/backend.go:816.24,820.5 2 0
github.com/XrXr/alang/backend/backend.go:820.10,820.30 1 0
github.com/XrXr/alang/backend/backend.go:820.30,822.5 1 0
github.com/XrXr/alang/backend/backend.go:822.10,824.5 1 0
github.com/XrXr/alang/backend/backend.go:833.30,834.78 1 0
github.com/XrXr/alang/backend/backend.go:834.78,836.6 1 0
github.com/XrXr/alang/backend/backend.go:836.11,839.6 2 0
github.com/XrXr/alang/backend/backend.go:843.45,845.5 1 0
github.com/XrXr/alang/backend/backend.go:846.65,849.5 2 0
github.com/XrXr/alang/backend/backend.go:849.10,850.30 1 0
github.com/XrXr/alang/backend/backend.go:853.5,853.62 1 0
github.com/XrXr/alang/backend/backend.go:850.30,851.98 1 0
github.com/XrXr/alang/backend/backend.go:855.30,856.21 1 0
github.com/XrXr/alang/backend/backend.go:856.21,858.6 1 0
github.com/XrXr/alang/backend/backend.go:858.11,860.6 1 0
github.com/XrXr/alang/backend/backend.go:866.24,869.5 2 0
github.com/XrXr/alang/backend/backend.go:869.10,871.5 1 0
github.com/XrXr/alang/backend/backend.go:873.17,875.5 1 0
github.com/XrXr/alang/backend/backend.go:875.10,881.5 2 0
github.com/XrXr/alang/backend/backend.go:885.85,886.30 1 0
github.com/XrXr/alang/backend/backend.go:887.31,890.36 1 0
github.com/XrXr/alang/backend/backend.go:891.13,893.47 1 0
github.com/XrXr/alang/backend/backend.go:895.10,900.29 5 0
github.com/XrXr/alang/backend/backend.go:904.5,906.39 3 0
github.com/XrXr/alang/backend/backend.go:922.5,922.49 1 0
github.com/XrXr/alang/backend/backend.go:950.5,951.46 2 0
github.com/XrXr/alang/backend/backend.go:962.5,962.29 1 0
github.com/XrXr/alang/backend/backend.go:967.5,967.29 1 0
github.com/XrXr/alang/backend/backend.go:975.5,975.44 1 0
github.com/XrXr/alang/backend/backend.go:978.5,978.53 1 0
github.com/XrXr/alang/backend/backend.go:981.5,981.57 1 0
github.com/XrXr/alang/backend/backend.go:900.29,902.6 1 0
github.com/XrXr/alang/backend/backend.go:906.39,907.30 1 0
github.com/XrXr/alang/backend/backend.go:910.6,910.40 1 0
github.com/XrXr/alang/backend/backend.go:913.6,914.37 2 0
github.com/XrXr/alang/backend/backend.go:907.30,909.7 1 0
github.com/XrXr/alang/backend/backend.go:910.40,911.12 1 0
github.com/XrXr/alang/backend/backend.go:915.22,916.58 1 0
github.com/XrXr/alang/backend/backend.go:917.14,918.42 1 0
github.com/XrXr/alang/backend/backend.go:922.49,925.29 2 0
github.com/XrXr/alang/backend/backend.go:929.6,929.81 1 0
github.com/XrXr/alang/backend/backend.go:925.29,928.7 1 0
github.com/XrXr/alang/backend/backend.go:929.81,932.22 3 0
github.com/XrXr/alang/backend/backend.go:933.23,934.29 1 0
github.com/XrXr/alang/backend/backend.go:943.15,944.43 1 0
github.com/XrXr/alang/backend/backend.go:934.29,936.9 1 0
github.com/XrXr/alang/backend/backend.go:936.14,938.24 2 0
github.com/XrXr/alang/backend/backend.go:938.24,941.10 1 0
github.com/XrXr/alang/backend/backend.go:951.46,953.28 2 0
github.com/XrXr/alang/backend/backend.go:953.28,954.39 1 0
github.com/XrXr/alang/backend/backend.go:958.7,958.29 1 0
github.com/XrXr/alang/backend/backend.go:954.39,957.8 2 0
github.com/XrXr/alang/backend/backend.go:962.29,965.6 2 0
github.com/XrXr/alang/backend/backend.go:967.29,969.6 1 0
github.com/XrXr/alang/backend/backend.go:969.11,971.6 1 0
github.com/XrXr/alang/backend/backend.go:975.44,977.6 1 0
github.com/XrXr/alang/backend/backend.go:978.53,979.58 1 0
github.com/XrXr/alang/backend/backend.go:981.57,982.30 1 0
github.com/XrXr/alang/backend/backend.go:985.6,985.37 1 0
github.com/XrXr/alang/backend/backend.go:982.30,984.7 1 0
github.com/XrXr/alang/backend/backend.go:991.17,993.5 1 0
github.com/XrXr/alang/backend/backend.go:993.10,1000.5 2 0
github.com/XrXr/alang/backend/backend.go:1004.62,1005.37 1 0
github.com/XrXr/alang/backend/backend.go:1011.43,1013.5 1 0
github.com/XrXr/alang/backend/backend.go:1015.35,1018.5 2 0
github.com/XrXr/alang/backend/backend.go:1024.54,1027.5 2 0
github.com/XrXr/alang/backend/backend.go:1031.95,1035.5 1 0
github.com/XrXr/alang/backend/backend.go:1044.57,1046.21 1 0
github.com/XrXr/alang/backend/backend.go:1050.16,1053.5 2 0
github.com/XrXr/alang/backend/backend.go:1053.10,1056.5 2 0
github.com/XrXr/alang/backend/backend.go:1059.30,1060.39 1 0
github.com/XrXr/alang/backend/backend.go:1060.39,1063.31 3 0
github.com/XrXr/alang/backend/backend.go:1063.31,1066.7 2 0
github.com/XrXr/alang/backend/backend.go:1066.12,1069.7 2 0
github.com/XrXr/alang/backend/backend.go:1070.11,1071.77 1 0
github.com/XrXr/alang/backend/backend.go:1073.10,1076.45 1 0
github.com/XrXr/alang/backend/backend.go:1079.5,1080.36 2 0
github.com/XrXr/alang/backend/backend.go:1076.45,1078.6 1 0
github.com/XrXr/alang/backend/backend.go:1086.20,1087.52 1 0
github.com/XrXr/alang/backend/backend.go:1088.19,1089.52 1 0
github.com/XrXr/alang/backend/backend.go:1090.27,1091.53 1 0
github.com/XrXr/alang/backend/backend.go:1092.26,1093.53 1 0
github.com/XrXr/alang/backend/backend.go:1094.21,1095.52 1 0
github.com/XrXr/alang/backend/backend.go:1096.21,1097.53 1 0
github.com/XrXr/alang/backend/backend.go:1117.22,1118.109 1 0
github.com/XrXr/alang/backend/backend.go:1119.24,1120.92 1 0
github.com/XrXr/alang/backend/backend.go:1121.12,1122.50 1 0
github.com/XrXr/alang/backend/backend.go:1127.59,1129.10 2 0
github.com/XrXr/alang/backend/backend.go:1133.35,1137.5 3 0
github.com/XrXr/alang/backend/backend.go:1137.10,1141.5 3 0
github.com/XrXr/alang/backend/backend.go:1144.30,1150.5 5 0
github.com/XrXr/alang/backend/backend.go:1150.10,1151.40 1 0
github.com/XrXr/alang/backend/backend.go:1154.5,1154.61 1 0
github.com/XrXr/alang/backend/backend.go:1162.5,1162.36 1 0
github.com/XrXr/alang/backend/backend.go:1151.40,1152.58 1 0
github.com/XrXr/alang/backend/backend.go:1154.61,1161.6 6 0
github.com/XrXr/alang/backend/backend.go:1162.36,1164.6 1 0
github.com/XrXr/alang/backend/backend.go:1164.11,1166.6 1 0
github.com/XrXr/alang/backend/backend.go:1176.24,1177.35 1 0
github.com/XrXr/alang/backend/backend.go:1195.30,1198.88 2 0
github.com/XrXr/alang/backend/backend.go:1199.23,1201.22 2 0
github.com/XrXr/alang/backend/backend.go:1208.12,1209.44 1 0
github.com/XrXr/alang/backend/backend.go:1178.24,1182.23 4 0
github.com/XrXr/alang/backend/backend.go:1189.13,1193.87 3 0
github.com/XrXr/alang/backend/backend.go:1183.18,1185.65 2 0
github.com/XrXr/alang/backend/backend.go:1186.20,1187.102 1 0
github.com/XrXr/alang/backend/backend.go:1202.17,1204.97 2 0
github.com/XrXr/alang/backend/backend.go:1205.19,1206.86 1 0
github.com/XrXr/alang/backend/backend.go:1221.24,1227.24 6 0
github.com/XrXr/alang/backend/backend.go:1232.30,1236.24 4 0
github.com/XrXr/alang/backend/backend.go:1227.24,1229.6 1 0
github.com/XrXr/alang/backend/backend.go:1229.11,1231.6 1 0
github.com/XrXr/alang/backend/backend.go:1236.24,1238.6 1 0
github.com/XrXr/alang/backend/backend.go:1238.11,1240.6 1 0
github.com/XrXr/alang/backend/backend.go:1255.44,1257.5 1 0
github.com/XrXr/alang/backend/backend.go:1262.44,1264.5 1 0
github.com/XrXr/alang/backend/backend.go:1269.32,1272.5 1 0
github.com/XrXr/alang/backend/backend.go:1272.10,1272.36 1 0
github.com/XrXr/alang/backend/backend.go:1272.36,1273.37 1 0
github.com/XrXr/alang/backend/backend.go:1276.5,1276.29 1 0
github.com/XrXr/alang/backend/backend.go:1279.5,1283.45 5 0
github.com/XrXr/alang/backend/backend.go:1273.37,1274.58 1 0
github.com/XrXr/alang/backend/backend.go:1276.29,1277.54 1 0
github.com/XrXr/alang/backend/backend.go:1284.10,1285.101 1 0
github.com/XrXr/alang/backend/backend.go:1292.41,1294.33 2 0
github.com/XrXr/alang/backend/backend.go:1294.33,1295.31 1 0
github.com/XrXr/alang/backend/backend.go:1298.5,1298.43 1 0
github.com/XrXr/alang/backend/backend.go:1295.31,1297.6 1 0
github.com/XrXr/alang/backend/backend.go:1305.42,1309.3 3 0
github.com/XrXr/alang/backend/backend.go:1310.31,1314.3 3 0
github.com/XrXr/alang/backend/backend.go:1317.33,1318.29 1 0
github.com/XrXr/alang/backend/backend.go:1321.2,1321.63 1 0
github.com/XrXr/alang/backend/backend.go:1318.29,1320.3 1 0
github.com/XrXr/alang/backend/backend.go:1324.84,1326.40 2 0
github.com/XrXr/alang/backend/backend.go:1329.2,1329.39 1 0
github.com/XrXr/alang/backend/backend.go:1326.40,1327.17 1 0
github.com/XrXr/alang/backend/backend.go:1329.39,1331.3 1 0
github.com/XrXr/alang/backend/backend.go:1335.51,1337.44 2 0
github.com/XrXr/alang/backend/backend.go:1347.2,1348.33 2 0
github.com/XrXr/alang/backend/backend.go:1353.2,1353.44 1 0
github.com/XrXr/alang/backend/backend.go:1368.2,1368.33 1 0
github.com/XrXr/alang/backend/backend.go:1374.2,1374.16 1 0
github.com/XrXr/alang/backend/backend.go:1337.44,1338.31 1 0
github.com/XrXr/alang/backend/backend.go:1343.3,1343.49 1 0
github.com/XrXr/alang/backend/backend.go:1338.31,1339.24 1 0
github.com/XrXr/alang/backend/backend.go:1339.24,1341.5 1 0
github.com/XrXr/alang/backend/backend.go:1348.33,1349.27 1 0
github.com/XrXr/alang/backend/backend.go:1349.27,1351.4 1 0
github.com/XrXr/alang/backend/backend.go:1353.44,1355.19 2 0
github.com/XrXr/alang/backend/backend.go:1356.47,1358.43 2 0
github.com/XrXr/alang/backend/backend.go:1358.43,1359.52 1 0
github.com/XrXr/alang/backend/backend.go:1359.52,1360.25 1 0
github.com/XrXr/alang/backend/backend.go:1360.25,1362.7 1 0
github.com/XrXr/alang/backend/backend.go:1368.33,1369.33 1 0
github.com/XrXr/alang/backend/backend.go:1369.33,1371.4 1 0
github.com/XrXr/alang/backend/backend.go:1377.60,1379.22 2 1
github.com/XrXr/alang/backend/backend.go:1379.22,1381.17 2 1
github.com/XrXr/alang/backend/backend.go:1384.3,1384.27 1 1
github.com/XrXr/alang/backend/backend.go:1381.17,1382.14 1 0
github.com/XrXr/alang/backend/backend.go:1388.183,1408.2 7 0
